<?xml version="1.0" encoding="UTF-8"?>
<TestSessionContainer xmlns="http://www.codecover.org/xml/testsession-container" Date="1383133199374" TestSessionContainerId="5daa33b4-7835-460a-aa35-29705dcc076b" version="1.0">
<SrcFileList>
<SrcFile Content=" &#13;&#10;import java.util.HashSet;&#13;&#10;import java.util.Set;&#13;&#10;import org.eclipse.jdt.core.dom.AST;&#13;&#10;import org.eclipse.jdt.core.dom.ASTParser;&#13;&#10;import org.eclipse.jdt.core.dom.ASTVisitor;&#13;&#10;import org.eclipse.jdt.core.dom.CompilationUnit;&#13;&#10;import org.eclipse.jdt.core.dom.SimpleName;&#13;&#10;import org.eclipse.jdt.core.dom.*;&#13;&#10;import org.eclipse.jdt.core.dom.VariableDeclarationFragment;&#13;&#10; &#13;&#10;public class Test {&#13;&#10;&#9;public static void main(String args[]){&#13;&#10;&#9;&#9;ASTParser parser = ASTParser.newParser(AST.JLS4);&#13;&#10;&#9;&#9;parser.setSource(&quot;public class a { int b; public int a(int b) { int c = 3; return b; } }&quot;.toCharArray());&#13;&#10;&#9;&#9;//parser.setSource(&quot;/*abc*/&quot;.toCharArray());&#13;&#10;&#9;&#9;parser.setKind(ASTParser.K_COMPILATION_UNIT);&#13;&#10;&#9;&#9;//ASTNode node = parser.createAST(null);&#13;&#10; &#13;&#10; &#13;&#10;&#9;&#9;final CompilationUnit cu = (CompilationUnit) parser.createAST(null);&#13;&#10; &#13;&#10;&#9;&#9;cu.accept(new ASTVisitor() {&#13;&#10; &#13;&#10; &#13;&#10;&#9;&#9;&#9;public boolean visit(MethodDeclaration node) {&#13;&#10;&#9;&#9;&#9;&#9;SimpleName name = node.getName();&#13;&#10;&#13;&#10;&#9;&#9;&#9;&#9;System.out.println(&quot;Declaration of '&quot;+name+&quot;' return : &quot;+node.getReturnType2().toString());&#13;&#10;&#9;&#9;&#9;&#9;return false; // do not continue to avoid usage info&#13;&#10;&#9;&#9;&#9;}&#13;&#10; &#13;&#10;&#9;&#9;});&#13;&#10;&#9;}&#13;&#10;&#9;&#13;&#10;&#9;int test(int a, int b){&#13;&#10;&#9;&#9;int c;&#13;&#10;&#9;&#9;c = 3;&#13;&#10;&#9;&#9;if(a==0 &amp;&amp; b == 0){&#13;&#10;&#9;&#9;&#9;int e;&#13;&#10;&#9;&#9;&#9;a = b;&#13;&#10;&#9;&#9;&#9;return 1;&#13;&#10;&#9;&#9;&#9;}&#13;&#10;&#9;&#9;else if(a==1)&#13;&#10;&#9;&#9;&#9;&#9;return b;&#13;&#10;&#9;&#9;else return c;&#13;&#10;&#9;&#9;&#13;&#10;&#9;}&#13;&#10;}" Filename="Test.java" Intrnl_Id="1"/>
</SrcFileList>
<CritList>
<CritListEntry Name="org.codecover.model.utils.criteria.LoopCoverage" PluginName="org.codecover"/>
<CritListEntry Name="org.codecover.model.utils.criteria.BranchCoverage" PluginName="org.codecover"/>
<CritListEntry Name="org.codecover.model.utils.criteria.ConditionCoverage" PluginName="org.codecover"/>
<CritListEntry Name="org.codecover.model.utils.criteria.SynchronizedStatementCoverage" PluginName="org.codecover"/>
<CritListEntry Name="org.codecover.model.utils.criteria.QMOCoverage" PluginName="org.codecover"/>
<CritListEntry Name="org.codecover.model.utils.criteria.StatementCoverage" PluginName="org.codecover"/>
</CritList>
<BoolOpList>
<BoolOp Arity="2" Intrnl_Id="2" Name="conditional and (&amp;&amp;)">
<BoolAssgnmntBoolMapList>
<MapEntry BoolAssgnmnt="10" Value="false"/>
<MapEntry BoolAssgnmnt="02" Value="false"/>
<MapEntry BoolAssgnmnt="11" Value="true"/>
</BoolAssgnmntBoolMapList>
</BoolOp>
</BoolOpList>
<HierarchyLvlTypeList>
<HierarchyLvlType EnglishName="class" IntrnlName="class" Intrnl_Id="3"/>
<HierarchyLvlType EnglishName="method" IntrnlName="method" Intrnl_Id="4"/>
<HierarchyLvlType EnglishName="default package" IntrnlName="default package" Intrnl_Id="5"/>
<HierarchyLvlType EnglishName="anonymous class" IntrnlName="class" Intrnl_Id="6"/>
</HierarchyLvlTypeList>
<MASTRoot>
<HierarchyLvl HierarchyLvlId="6" HierarchyLvlTypeId="5" Intrnl_Id="7" Name="default package">
<Header/>
<LocList/>
<HierarchyLvl HierarchyLvlId="5" HierarchyLvlTypeId="3" Intrnl_Id="8" Name="Test">
<Header>
<Loc EndOffset="393" SrcFileId="1" StartOffset="376"/>
</Header>
<LocList>
<Loc EndOffset="1301" SrcFileId="1" StartOffset="376"/>
</LocList>
<HierarchyLvl HierarchyLvlId="3" HierarchyLvlTypeId="4" Intrnl_Id="9" Name="main">
<Header>
<Loc EndOffset="436" SrcFileId="1" StartOffset="398"/>
</Header>
<LocList>
<Loc EndOffset="1126" SrcFileId="1" StartOffset="398"/>
</LocList>
<StmntSeq Intrnl_Id="10">
<LocList>
<Loc EndOffset="490" SrcFileId="1" StartOffset="441"/>
<Loc EndOffset="599" SrcFileId="1" StartOffset="494"/>
<Loc EndOffset="696" SrcFileId="1" StartOffset="651"/>
<Loc EndOffset="818" SrcFileId="1" StartOffset="750"/>
<Loc EndOffset="835" SrcFileId="1" StartOffset="825"/>
<Loc EndOffset="1122" SrcFileId="1" StartOffset="1120"/>
</LocList>
<BasicStmnt CovItemId="S1" CovItemPrefix="Test.java" Intrnl_Id="11">
<LocList>
<Loc EndOffset="490" SrcFileId="1" StartOffset="441"/>
</LocList>
</BasicStmnt>
<BasicStmnt CovItemId="S2" CovItemPrefix="Test.java" Intrnl_Id="12">
<LocList>
<Loc EndOffset="599" SrcFileId="1" StartOffset="494"/>
</LocList>
</BasicStmnt>
<BasicStmnt CovItemId="S3" CovItemPrefix="Test.java" Intrnl_Id="13">
<LocList>
<Loc EndOffset="696" SrcFileId="1" StartOffset="651"/>
</LocList>
</BasicStmnt>
<BasicStmnt CovItemId="S4" CovItemPrefix="Test.java" Intrnl_Id="14">
<LocList>
<Loc EndOffset="818" SrcFileId="1" StartOffset="750"/>
</LocList>
</BasicStmnt>
<BasicStmnt CovItemId="S5" CovItemPrefix="Test.java" Intrnl_Id="15">
<LocList>
<Loc EndOffset="835" SrcFileId="1" StartOffset="825"/>
<Loc EndOffset="1122" SrcFileId="1" StartOffset="1120"/>
</LocList>
</BasicStmnt>
</StmntSeq>
<HierarchyLvl HierarchyLvlId="2" HierarchyLvlTypeId="6" Intrnl_Id="16" Name="ASTVisitor">
<Header>
<Loc EndOffset="851" SrcFileId="1" StartOffset="839"/>
</Header>
<LocList>
<Loc EndOffset="1120" SrcFileId="1" StartOffset="835"/>
</LocList>
<HierarchyLvl HierarchyLvlId="1" HierarchyLvlTypeId="4" Intrnl_Id="17" Name="visit">
<Header>
<Loc EndOffset="908" SrcFileId="1" StartOffset="864"/>
</Header>
<LocList>
<Loc EndOffset="1112" SrcFileId="1" StartOffset="864"/>
</LocList>
<StmntSeq Intrnl_Id="18">
<LocList>
<Loc EndOffset="949" SrcFileId="1" StartOffset="916"/>
<Loc EndOffset="1048" SrcFileId="1" StartOffset="957"/>
<Loc EndOffset="1067" SrcFileId="1" StartOffset="1054"/>
</LocList>
<BasicStmnt CovItemId="S6" CovItemPrefix="Test.java" Intrnl_Id="19">
<LocList>
<Loc EndOffset="949" SrcFileId="1" StartOffset="916"/>
</LocList>
</BasicStmnt>
<BasicStmnt CovItemId="S7" CovItemPrefix="Test.java" Intrnl_Id="20">
<LocList>
<Loc EndOffset="1048" SrcFileId="1" StartOffset="957"/>
</LocList>
</BasicStmnt>
<BasicStmnt CovItemId="S8" CovItemPrefix="Test.java" Intrnl_Id="21">
<LocList>
<Loc EndOffset="1067" SrcFileId="1" StartOffset="1054"/>
</LocList>
</BasicStmnt>
</StmntSeq>
</HierarchyLvl>
</HierarchyLvl>
</HierarchyLvl>
<HierarchyLvl HierarchyLvlId="4" HierarchyLvlTypeId="4" Intrnl_Id="22" Name="test">
<Header>
<Loc EndOffset="1154" SrcFileId="1" StartOffset="1132"/>
</Header>
<LocList>
<Loc EndOffset="1298" SrcFileId="1" StartOffset="1132"/>
</LocList>
<StmntSeq Intrnl_Id="23">
<LocList>
<Loc EndOffset="1175" SrcFileId="1" StartOffset="1169"/>
<Loc EndOffset="1290" SrcFileId="1" StartOffset="1179"/>
</LocList>
<BasicStmnt CovItemId="S9" CovItemPrefix="Test.java" Intrnl_Id="24">
<LocList>
<Loc EndOffset="1175" SrcFileId="1" StartOffset="1169"/>
</LocList>
</BasicStmnt>
<CondStmnt CovItemId="S10" CovItemPrefix="Test.java" Intrnl_Id="25">
<Branch CovItemId="B1" CovItemPrefix="Test.java" Implct="false" Intrnl_Id="26">
<Cond/>
<LocList>
<Loc EndOffset="1240" SrcFileId="1" StartOffset="1197"/>
</LocList>
<StmntSeq Intrnl_Id="27">
<LocList>
<Loc EndOffset="1220" SrcFileId="1" StartOffset="1214"/>
<Loc EndOffset="1234" SrcFileId="1" StartOffset="1225"/>
</LocList>
<BasicStmnt CovItemId="S11" CovItemPrefix="Test.java" Intrnl_Id="28">
<LocList>
<Loc EndOffset="1220" SrcFileId="1" StartOffset="1214"/>
</LocList>
</BasicStmnt>
<BasicStmnt CovItemId="S12" CovItemPrefix="Test.java" Intrnl_Id="29">
<LocList>
<Loc EndOffset="1234" SrcFileId="1" StartOffset="1225"/>
</LocList>
</BasicStmnt>
</StmntSeq>
</Branch>
<Branch CovItemId="B2" CovItemPrefix="Test.java" Implct="false" Intrnl_Id="30">
<Cond>
<Loc EndOffset="1248" SrcFileId="1" StartOffset="1244"/>
</Cond>
<LocList>
<Loc EndOffset="1290" SrcFileId="1" StartOffset="1249"/>
</LocList>
<StmntSeq Intrnl_Id="31">
<LocList>
<Loc EndOffset="1290" SrcFileId="1" StartOffset="1249"/>
</LocList>
<CondStmnt CovItemId="S13" CovItemPrefix="Test.java" Intrnl_Id="32">
<Branch CovItemId="B3" CovItemPrefix="Test.java" Implct="false" Intrnl_Id="33">
<Cond/>
<LocList>
<Loc EndOffset="1272" SrcFileId="1" StartOffset="1263"/>
</LocList>
<StmntSeq Intrnl_Id="34">
<LocList>
<Loc EndOffset="1272" SrcFileId="1" StartOffset="1263"/>
</LocList>
<BasicStmnt CovItemId="S14" CovItemPrefix="Test.java" Intrnl_Id="35">
<LocList>
<Loc EndOffset="1272" SrcFileId="1" StartOffset="1263"/>
</LocList>
</BasicStmnt>
</StmntSeq>
</Branch>
<Branch CovItemId="B4" CovItemPrefix="Test.java" Implct="false" Intrnl_Id="36">
<Cond>
<Loc EndOffset="1280" SrcFileId="1" StartOffset="1276"/>
</Cond>
<LocList>
<Loc EndOffset="1290" SrcFileId="1" StartOffset="1281"/>
</LocList>
<StmntSeq Intrnl_Id="37">
<LocList>
<Loc EndOffset="1290" SrcFileId="1" StartOffset="1281"/>
</LocList>
<BasicStmnt CovItemId="S15" CovItemPrefix="Test.java" Intrnl_Id="38">
<LocList>
<Loc EndOffset="1290" SrcFileId="1" StartOffset="1281"/>
</LocList>
</BasicStmnt>
</StmntSeq>
</Branch>
<Keyword EndOffset="1251" SrcFileId="1" StartOffset="1249"/>
<LocList>
<Loc EndOffset="1290" SrcFileId="1" StartOffset="1249"/>
</LocList>
<RootTerm CovItemId="C2" CovItemPrefix="Test.java" Intrnl_Id="39">
<BasicBoolTerm Intrnl_Id="40">
<LocList>
<Loc EndOffset="1256" SrcFileId="1" StartOffset="1252"/>
</LocList>
</BasicBoolTerm>
</RootTerm>
</CondStmnt>
</StmntSeq>
</Branch>
<Keyword EndOffset="1181" SrcFileId="1" StartOffset="1179"/>
<LocList>
<Loc EndOffset="1290" SrcFileId="1" StartOffset="1179"/>
</LocList>
<RootTerm CovItemId="C1" CovItemPrefix="Test.java" Intrnl_Id="41">
<OpTerm BooleanOpId="2" Intrnl_Id="42">
<BasicBoolTerm Intrnl_Id="43">
<LocList>
<Loc EndOffset="1186" SrcFileId="1" StartOffset="1182"/>
</LocList>
</BasicBoolTerm>
<BasicBoolTerm Intrnl_Id="44">
<LocList>
<Loc EndOffset="1196" SrcFileId="1" StartOffset="1190"/>
</LocList>
</BasicBoolTerm>
<LocList>
<Loc EndOffset="1189" SrcFileId="1" StartOffset="1187"/>
</LocList>
</OpTerm>
</RootTerm>
</CondStmnt>
</StmntSeq>
</HierarchyLvl>
</HierarchyLvl>
</HierarchyLvl>
</MASTRoot>
</TestSessionContainer>
